<?xml version="1.0" encoding="UTF-8"?>
<!-- Generated by org.testng.reporters.JUnitXMLReporter -->
<testsuite hostname="WIN-NFDCINOH1RK" ignored="0" name="Test in IE browswe" tests="3" failures="0" timestamp="2020-02-06T09:31:13 UTC" time="0.063" errors="0">
  <testcase name="primemembership" time="0.016" classname="hdc2demos.ParameterGrouping"/>
  <testcase name="renewal" time="0.015" classname="hdc2demos.ParameterGrouping"/>
  <testcase name="terminantion" time="0.0" classname="hdc2demos.ParameterGrouping"/>
</testsuite> <!-- Test in IE browswe -->
