<?xml version="1.0" encoding="UTF-8"?>
<!-- Generated by org.testng.reporters.JUnitXMLReporter -->
<testsuite hostname="WIN-NFDCINOH1RK" ignored="0" name="Default test" tests="4" failures="0" timestamp="2020-02-11T06:54:11 UTC" time="33.236" errors="0">
  <testcase name="testRegistration" time="8.906" classname="casestudy.Copy"/>
  <testcase name="testLogin" time="9.349" classname="casestudy.Copy"/>
  <testcase name="testCart" time="2.686" classname="casestudy.Copy"/>
  <testcase name="testPayment" time="11.39" classname="casestudy.Copy"/>
</testsuite> <!-- Default test -->
